Y:\CODE\PROJECTS\HWSP\DEBUG\INTERFACE.EXE
Y:\CODE\PROJECTS\HWSP\DEBUG\INTERFACE.ILK
Y:\CODE\PROJECTS\HWSP\DEBUG\INTERFACE.PDB
Y:\Code\projects\hwsp\Interface\Debug\cl.command.1.tlog
Y:\Code\projects\hwsp\Interface\Debug\cl.read.1.tlog
Y:\Code\projects\hwsp\Interface\Debug\cl.write.1.tlog
Y:\CODE\PROJECTS\HWSP\INTERFACE\DEBUG\INTERFACE.EXE.EMBED.MANIFEST
Y:\CODE\PROJECTS\HWSP\INTERFACE\DEBUG\INTERFACE.EXE.EMBED.MANIFEST.RES
Y:\CODE\PROJECTS\HWSP\INTERFACE\DEBUG\INTERFACE.EXE.INTERMEDIATE.MANIFEST
Y:\CODE\PROJECTS\HWSP\INTERFACE\DEBUG\INTERFACE.OBJ
Y:\Code\projects\hwsp\Interface\Debug\Interface.write.1.tlog
Y:\Code\projects\hwsp\Interface\Debug\Interface_manifest.rc
Y:\Code\projects\hwsp\Interface\Debug\link.1332.read.1.tlog
Y:\Code\projects\hwsp\Interface\Debug\link.1332.write.1.tlog
Y:\Code\projects\hwsp\Interface\Debug\link.1332-cvtres.read.1.tlog
Y:\Code\projects\hwsp\Interface\Debug\link.1332-cvtres.write.1.tlog
Y:\Code\projects\hwsp\Interface\Debug\link.1484.read.1.tlog
Y:\Code\projects\hwsp\Interface\Debug\link.1484.write.1.tlog
Y:\Code\projects\hwsp\Interface\Debug\link.1484-cvtres.read.1.tlog
Y:\Code\projects\hwsp\Interface\Debug\link.1484-cvtres.write.1.tlog
Y:\Code\projects\hwsp\Interface\Debug\link.3056.read.1.tlog
Y:\Code\projects\hwsp\Interface\Debug\link.3056.write.1.tlog
Y:\Code\projects\hwsp\Interface\Debug\link.3056-cvtres.read.1.tlog
Y:\Code\projects\hwsp\Interface\Debug\link.3056-cvtres.write.1.tlog
Y:\Code\projects\hwsp\Interface\Debug\link.3328.read.1.tlog
Y:\Code\projects\hwsp\Interface\Debug\link.3328.write.1.tlog
Y:\Code\projects\hwsp\Interface\Debug\link.3328-cvtres.read.1.tlog
Y:\Code\projects\hwsp\Interface\Debug\link.3328-cvtres.write.1.tlog
Y:\Code\projects\hwsp\Interface\Debug\link.3376.read.1.tlog
Y:\Code\projects\hwsp\Interface\Debug\link.3376.write.1.tlog
Y:\Code\projects\hwsp\Interface\Debug\link.3376-cvtres.read.1.tlog
Y:\Code\projects\hwsp\Interface\Debug\link.3376-cvtres.write.1.tlog
Y:\Code\projects\hwsp\Interface\Debug\link.3404.read.1.tlog
Y:\Code\projects\hwsp\Interface\Debug\link.3404.write.1.tlog
Y:\Code\projects\hwsp\Interface\Debug\link.3404-cvtres.read.1.tlog
Y:\Code\projects\hwsp\Interface\Debug\link.3404-cvtres.write.1.tlog
Y:\Code\projects\hwsp\Interface\Debug\link.3508.read.1.tlog
Y:\Code\projects\hwsp\Interface\Debug\link.3508.write.1.tlog
Y:\Code\projects\hwsp\Interface\Debug\link.3508-cvtres.read.1.tlog
Y:\Code\projects\hwsp\Interface\Debug\link.3508-cvtres.write.1.tlog
Y:\Code\projects\hwsp\Interface\Debug\link.3872.read.1.tlog
Y:\Code\projects\hwsp\Interface\Debug\link.3872.write.1.tlog
Y:\Code\projects\hwsp\Interface\Debug\link.3872-cvtres.read.1.tlog
Y:\Code\projects\hwsp\Interface\Debug\link.3872-cvtres.write.1.tlog
Y:\Code\projects\hwsp\Interface\Debug\link.980.read.1.tlog
Y:\Code\projects\hwsp\Interface\Debug\link.980.write.1.tlog
Y:\Code\projects\hwsp\Interface\Debug\link.980-cvtres.read.1.tlog
Y:\Code\projects\hwsp\Interface\Debug\link.980-cvtres.write.1.tlog
Y:\Code\projects\hwsp\Interface\Debug\link.command.1.tlog
Y:\Code\projects\hwsp\Interface\Debug\link.read.1.tlog
Y:\Code\projects\hwsp\Interface\Debug\link.write.1.tlog
Y:\Code\projects\hwsp\Interface\Debug\link-cvtres.read.1.tlog
Y:\Code\projects\hwsp\Interface\Debug\link-cvtres.write.1.tlog
Y:\Code\projects\hwsp\Interface\Debug\mt.command.1.tlog
Y:\Code\projects\hwsp\Interface\Debug\mt.read.1.tlog
Y:\Code\projects\hwsp\Interface\Debug\mt.write.1.tlog
Y:\Code\projects\hwsp\Interface\Debug\rc.command.1.tlog
Y:\Code\projects\hwsp\Interface\Debug\rc.read.1.tlog
Y:\Code\projects\hwsp\Interface\Debug\rc.write.1.tlog
Y:\Code\projects\hwsp\Interface\Debug\vc100.idb
Y:\CODE\PROJECTS\HWSP\INTERFACE\DEBUG\VC100.PDB
